<?xml version="1.0" encoding="UTF-8"?>
<!-- Generated by org.testng.reporters.JUnitXMLReporter -->
<testsuite hostname="Lenovo-PC" name="Test" tests="16" failures="0" timestamp="12 Sep 2020 13:36:53 GMT" time="15.157" errors="0">
  <testcase name="demo" time="3.454" classname="com.apiTest.FetchTest"/>
  <testcase name="crd" time="0.515" classname="com.automation.CreateData"/>
  <testcase name="addnew" time="0.063" classname="com.automation.AddNewData"/>
  <testcase name="fetch" time="1.89" classname="com.automation.FetchBook"/>
  <testcase name="dt" time="0.047" classname="com.automation.DeleteData"/>
  <testcase name="check" time="1.078" classname="com.automation.FetchName"/>
  <testcase name="checkData" time="1.204" classname="com.automation.IteratorFetchData"/>
  <testcase name="putD" time="0.062" classname="com.automation.PutData"/>
  <testcase name="getData" time="0.047" classname="com.automation.FetchData"/>
  <testcase name="patchd" time="0.047" classname="com.automation.PatchData"/>
  <testcase name="check" time="4.344" classname="com.automation.FetchingNewData"/>
  <testcase name="checkRest" time="0.937" classname="com.automation.AssertR"/>
  <testcase name="checkData" time="0.078" classname="com.automation.GetTest1"/>
  <testcase name="assertv" time="0.469" classname="com.automation.AssertionT"/>
  <testcase name="checkp" time="0.844" classname="com.automation.QueryP"/>
  <testcase name="data" time="0.047" classname="com.automation.AddNew2"/>
</testsuite> <!-- Test -->
