<?xml version="1.0" encoding="UTF-8"?>
<testng-results skipped="0" failed="0" total="1" passed="1">
  <reporter-output>
  </reporter-output>
  <suite name="Default suite" duration-ms="3210" started-at="2020-09-12T12:19:44Z" finished-at="2020-09-12T12:19:47Z">
    <groups>
    </groups>
    <test name="Default test" duration-ms="3210" started-at="2020-09-12T12:19:44Z" finished-at="2020-09-12T12:19:47Z">
      <class name="com.apiTest.FetchTest">
        <test-method status="PASS" signature="demo()[pri:0, instance:com.apiTest.FetchTest@cc285f4]" name="demo" duration-ms="3189" started-at="2020-09-12T17:49:44Z" finished-at="2020-09-12T17:49:47Z">
          <reporter-output>
          </reporter-output>
        </test-method> <!-- demo -->
      </class> <!-- com.apiTest.FetchTest -->
    </test> <!-- Default test -->
  </suite> <!-- Default suite -->
</testng-results>
