<?xml version="1.0" encoding="UTF-8" ?>
<testsuite tests="16" failures="0" name="TestSuite" time="15.109" errors="0" skipped="0">
  <properties>
[...]
</properties>
  <testcase classname="com.apiTest.FetchTest" name="demo" time="3.672"/>
  <testcase classname="com.automation.CreateData" name="crd" time="0.328"/>
  <testcase classname="com.automation.AddNewData" name="addnew" time="0.031"/>
  <testcase classname="com.automation.FetchBook" name="fetch" time="1.875"/>
  <testcase classname="com.automation.DeleteData" name="dt" time="0.063"/>
  <testcase classname="com.automation.FetchName" name="check" time="1.078"/>
  <testcase classname="com.automation.IteratorFetchData" name="checkData" time="2"/>
  <testcase classname="com.automation.PutData" name="putD" time="0"/>
  <testcase classname="com.automation.FetchData" name="getData" time="0"/>
  <testcase classname="com.automation.PatchData" name="patchd" time="0"/>
  <testcase classname="com.automation.FetchingNewData" name="check" time="3.703"/>
  <testcase classname="com.automation.AssertR" name="checkRest" time="0.906"/>
  <testcase classname="com.automation.GetTest1" name="checkData" time="0.078"/>
  <testcase classname="com.automation.AssertionT" name="assertv" time="0.485"/>
  <testcase classname="com.automation.QueryP" name="checkp" time="0.859"/>
  <testcase classname="com.automation.AddNew2" name="data" time="0.031"/>
</testsuite>